<?xml version="1.0" encoding="UTF-8"?>
<testng-results skipped="0" failed="0" total="1" passed="1">
  <reporter-output>
  </reporter-output>
  <suite name="Default suite" duration-ms="23648" started-at="2020-04-04T12:02:14Z" finished-at="2020-04-04T12:02:38Z">
    <groups>
    </groups>
    <test name="Default test" duration-ms="23648" started-at="2020-04-04T12:02:14Z" finished-at="2020-04-04T12:02:38Z">
      <class name="com.training.sanity.tests.UNF_017">
        <test-method status="PASS" signature="setUpBeforeClass()[pri:0, instance:com.training.sanity.tests.UNF_017@ea4a92b]" name="setUpBeforeClass" is-config="true" duration-ms="20" started-at="2020-04-04T17:32:14Z" finished-at="2020-04-04T17:32:14Z">
          <reporter-output>
          </reporter-output>
        </test-method> <!-- setUpBeforeClass -->
        <test-method status="PASS" signature="setUp()[pri:0, instance:com.training.sanity.tests.UNF_017@ea4a92b]" name="setUp" is-config="true" duration-ms="14231" started-at="2020-04-04T17:32:14Z" finished-at="2020-04-04T17:32:28Z">
          <reporter-output>
          </reporter-output>
        </test-method> <!-- setUp -->
        <test-method status="PASS" signature="UNF017Test()[pri:0, instance:com.training.sanity.tests.UNF_017@ea4a92b]" name="UNF017Test" duration-ms="7524" started-at="2020-04-04T17:32:28Z" finished-at="2020-04-04T17:32:36Z">
          <reporter-output>
          </reporter-output>
        </test-method> <!-- UNF017Test -->
        <test-method status="PASS" signature="tearDown()[pri:0, instance:com.training.sanity.tests.UNF_017@ea4a92b]" name="tearDown" is-config="true" duration-ms="1852" started-at="2020-04-04T17:32:36Z" finished-at="2020-04-04T17:32:38Z">
          <reporter-output>
          </reporter-output>
        </test-method> <!-- tearDown -->
      </class> <!-- com.training.sanity.tests.UNF_017 -->
    </test> <!-- Default test -->
  </suite> <!-- Default suite -->
</testng-results>
