<?xml version="1.0" encoding="UTF-8"?>
<testng-results skipped="0" failed="0" total="1" passed="1">
  <reporter-output>
  </reporter-output>
  <suite name="Default suite" duration-ms="43454" started-at="2020-04-09T13:40:24Z" finished-at="2020-04-09T13:41:08Z">
    <groups>
    </groups>
    <test name="Default test" duration-ms="43454" started-at="2020-04-09T13:40:24Z" finished-at="2020-04-09T13:41:08Z">
      <class name="com.training.sanity.tests.UNF_047">
        <test-method status="PASS" signature="setUpBeforeClass()[pri:0, instance:com.training.sanity.tests.UNF_047@ea4a92b]" name="setUpBeforeClass" is-config="true" duration-ms="20" started-at="2020-04-09T19:10:24Z" finished-at="2020-04-09T19:10:24Z">
          <reporter-output>
          </reporter-output>
        </test-method> <!-- setUpBeforeClass -->
        <test-method status="PASS" signature="setUp()[pri:0, instance:com.training.sanity.tests.UNF_047@ea4a92b]" name="setUp" is-config="true" duration-ms="15824" started-at="2020-04-09T19:10:24Z" finished-at="2020-04-09T19:10:40Z">
          <reporter-output>
          </reporter-output>
        </test-method> <!-- setUp -->
        <test-method status="PASS" signature="UNF016Test()[pri:0, instance:com.training.sanity.tests.UNF_047@ea4a92b]" name="UNF016Test" duration-ms="25648" started-at="2020-04-09T19:10:40Z" finished-at="2020-04-09T19:11:06Z">
          <reporter-output>
          </reporter-output>
        </test-method> <!-- UNF016Test -->
        <test-method status="PASS" signature="tearDown()[pri:0, instance:com.training.sanity.tests.UNF_047@ea4a92b]" name="tearDown" is-config="true" duration-ms="1949" started-at="2020-04-09T19:11:06Z" finished-at="2020-04-09T19:11:08Z">
          <reporter-output>
          </reporter-output>
        </test-method> <!-- tearDown -->
      </class> <!-- com.training.sanity.tests.UNF_047 -->
    </test> <!-- Default test -->
  </suite> <!-- Default suite -->
</testng-results>
